[2025-11-24 13:08:09,923] 23 root - INFO - Reading dataset
[2025-11-24 13:08:09,951] 34 root - INFO - Data ingestion completed
[2025-11-24 13:08:09,954] 49 root - INFO - Read train and test data
[2025-11-24 13:08:09,956] 31 root - INFO - Numerical feature pipeline created
[2025-11-24 13:08:09,956] 62 root - INFO - Applying preprocessing...
[2025-11-24 13:08:09,968] 23 root - INFO - Splitting training and test input data
[2025-11-24 13:08:10,328] 41 root - INFO - Model Report: {'Logistic Regression': 0.0703488372093023, 'Random Forest': -0.07267441860465129, 'Gradient Boosting': -0.10843023255813966, 'SVM': -0.001162790697674554}
[2025-11-24 13:08:10,328] 47 root - INFO - Best Model: Logistic Regression, Accuracy: 0.0703488372093023
[2025-11-24 13:08:10,328] 67 root - ERROR - Error in model training
Traceback (most recent call last):
  File "/Users/apple/AI_ML/0project-ML/Bank Lone Approval prediction/src/components/model_trainer.py", line 50, in initiate_model_trainer
    raise CustomException("No best model found with accuracy > 0.6", sys)
          ~~~~~~~~~~~~~~~^^^^^^^^^^^^^^^^^^^^^^^^^^^^^^^^^^^^^^^^^^^^^^^^
  File "/Users/apple/AI_ML/0project-ML/Bank Lone Approval prediction/src/exception.py", line 15, in __init__
    self.error_massage=error_massage_del(error_massage,error_del = error_del)
                       ~~~~~~~~~~~~~~~~~^^^^^^^^^^^^^^^^^^^^^^^^^^^^^^^^^^^^^
  File "/Users/apple/AI_ML/0project-ML/Bank Lone Approval prediction/src/exception.py", line 5, in error_massage_del
    file_name = exc_tb.tb_frame.f_code.co_filename      # it is give the file name where error came
                ^^^^^^^^^^^^^^^
AttributeError: 'NoneType' object has no attribute 'tb_frame'
